{"level":"info","msg":"日志系统配置完成","time":"2025-11-04T16:32:16+08:00"}
{"level":"info","msg":"初始化数据库连接...","time":"2025-11-04T16:32:16+08:00"}
{"level":"info","msg":"开始初始化数据库连接...","time":"2025-11-04T16:32:16+08:00"}
{"database":"Qiniu_Project","host":"localhost","level":"info","msg":"准备连接MySQL数据库","port":3306,"time":"2025-11-04T16:32:16+08:00","user":"Qiniu"}
{"level":"info","msg":"数据库连接对象已创建","time":"2025-11-04T16:32:17+08:00"}
{"level":"info","msg":"开始数据库表迁移...","time":"2025-11-04T16:32:17+08:00"}
{"level":"info","msg":"开始数据库表迁移...","time":"2025-11-04T16:32:17+08:00"}
{"level":"info","msg":"正在迁移表...","time":"2025-11-04T16:32:17+08:00"}
{"error":"Error 3780 (HY000): Referencing column 'user_id' and referenced column 'user_id' in foreign key constraint 'membership_orders_ibfk_1' are incompatible.","level":"error","msg":"数据库表迁移失败","time":"2025-11-04T16:32:20+08:00"}
{"error":"Error 3780 (HY000): Referencing column 'user_id' and referenced column 'user_id' in foreign key constraint 'membership_orders_ibfk_1' are incompatible.","level":"fatal","msg":"数据库迁移失败","time":"2025-11-04T16:32:20+08:00"}
{"level":"info","msg":"日志系统配置完成","time":"2025-11-04T16:37:34+08:00"}
{"level":"info","msg":"初始化数据库连接...","time":"2025-11-04T16:37:34+08:00"}
{"level":"info","msg":"开始初始化数据库连接...","time":"2025-11-04T16:37:34+08:00"}
{"database":"Qiniu_Project","host":"localhost","level":"info","msg":"准备连接MySQL数据库","port":3306,"time":"2025-11-04T16:37:34+08:00","user":"Qiniu"}
{"error":"invalid connection","level":"fatal","msg":"连接MySQL失败","time":"2025-11-04T16:37:34+08:00"}
{"level":"info","msg":"日志系统配置完成","time":"2025-11-04T16:37:39+08:00"}
{"level":"info","msg":"初始化数据库连接...","time":"2025-11-04T16:37:39+08:00"}
{"level":"info","msg":"开始初始化数据库连接...","time":"2025-11-04T16:37:39+08:00"}
{"database":"Qiniu_Project","host":"localhost","level":"info","msg":"准备连接MySQL数据库","port":3306,"time":"2025-11-04T16:37:39+08:00","user":"Qiniu"}
{"level":"info","msg":"数据库连接对象已创建","time":"2025-11-04T16:37:39+08:00"}
{"level":"info","msg":"开始数据库表迁移...","time":"2025-11-04T16:37:39+08:00"}
{"level":"info","msg":"开始数据库表迁移...","time":"2025-11-04T16:37:39+08:00"}
{"level":"info","msg":"正在迁移表...","time":"2025-11-04T16:37:39+08:00"}
{"level":"info","msg":"数据库表迁移成功","time":"2025-11-04T16:37:40+08:00"}
{"level":"info","msg":"数据库连接和初始化成功","time":"2025-11-04T16:37:40+08:00"}
{"level":"info","msg":"设置HTTP路由...","time":"2025-11-04T16:37:40+08:00"}
{"level":"info","msg":"使用配置的服务器端口","serverPort":5000,"time":"2025-11-04T16:37:40+08:00"}
{"level":"info","msg":"启动HTTP服务器","serverAddr":":5000","time":"2025-11-04T16:37:40+08:00"}
{"level":"info","msg":"日志系统配置完成","time":"2025-11-04T16:43:58+08:00"}
{"level":"info","msg":"初始化数据库连接...","time":"2025-11-04T16:43:58+08:00"}
{"level":"info","msg":"开始初始化数据库连接...","time":"2025-11-04T16:43:58+08:00"}
{"database":"Qiniu_Project","host":"localhost","level":"info","msg":"准备连接MySQL数据库","port":3306,"time":"2025-11-04T16:43:58+08:00","user":"Qiniu"}
{"level":"info","msg":"数据库连接对象已创建","time":"2025-11-04T16:43:58+08:00"}
{"level":"info","msg":"开始数据库表迁移...","time":"2025-11-04T16:43:58+08:00"}
{"level":"info","msg":"开始数据库表迁移...","time":"2025-11-04T16:43:58+08:00"}
{"level":"info","msg":"正在迁移表...","time":"2025-11-04T16:43:58+08:00"}
{"level":"info","msg":"数据库表迁移成功","time":"2025-11-04T16:44:00+08:00"}
{"level":"info","msg":"数据库连接和初始化成功","time":"2025-11-04T16:44:00+08:00"}
{"level":"info","msg":"设置HTTP路由...","time":"2025-11-04T16:44:00+08:00"}
{"level":"info","msg":"使用配置的服务器端口","serverPort":5000,"time":"2025-11-04T16:44:00+08:00"}
{"level":"info","msg":"启动HTTP服务器","serverAddr":":5000","time":"2025-11-04T16:44:00+08:00"}
